<?xml version="1.0" encoding="UTF-8"?>
<testng-results skipped="0" failed="0" total="1" passed="1">
  <reporter-output>
  </reporter-output>
  <suite name="Default suite" duration-ms="40" started-at="2019-06-02T17:29:23Z" finished-at="2019-06-02T17:29:23Z">
    <groups>
    </groups>
    <test name="Default test" duration-ms="40" started-at="2019-06-02T17:29:23Z" finished-at="2019-06-02T17:29:23Z">
      <class name="test.LoginTest">
        <test-method status="PASS" signature="loginTest()[pri:0, instance:test.LoginTest@6f45df59]" name="loginTest" duration-ms="16" started-at="2019-06-02T12:29:23Z" finished-at="2019-06-02T12:29:23Z">
          <reporter-output>
          </reporter-output>
        </test-method> <!-- loginTest -->
      </class> <!-- test.LoginTest -->
    </test> <!-- Default test -->
  </suite> <!-- Default suite -->
</testng-results>
