<?xml version="1.0" encoding="UTF-8"?>
<testng-results total="1" passed="1" failed="0" skipped="0">
  <reporter-output>
  </reporter-output>
  <suite started-at="2019-06-07T19:31:08Z" name="Default suite" finished-at="2019-06-07T19:31:21Z" duration-ms="12669">
    <groups>
    </groups>
    <test started-at="2019-06-07T19:31:08Z" name="Default test" finished-at="2019-06-07T19:31:21Z" duration-ms="12669">
      <class name="test.AddExpenseTest">
        <test-method signature="addExpenseTest()[pri:0, instance:test.AddExpenseTest@6107227e]" started-at="2019-06-07T14:31:08Z" name="addExpenseTest" finished-at="2019-06-07T14:31:21Z" duration-ms="12653" status="PASS">
          <reporter-output>
          </reporter-output>
        </test-method> <!-- addExpenseTest -->
      </class> <!-- test.AddExpenseTest -->
    </test> <!-- Default test -->
  </suite> <!-- Default suite -->
</testng-results>
